<?xml version="1.0" encoding="UTF-8"?>
<!-- Generated by org.testng.reporters.JUnitReportReporter -->
<testsuite hostname="iAF-NaniChakali" failures="0" tests="1" name="tests.cases_tests.TableExce" time="11.145" errors="0" timestamp="2025-05-04T13:43:35 IST" skipped="0">
  <testcase classname="tests.cases_tests.TableExce" name="DownloadAndCompareFileWithUITable" time="11.145"/>
</testsuite> <!-- tests.cases_tests.TableExce -->
