<?xml version="1.0" encoding="UTF-8"?>
<!-- Generated by org.testng.reporters.JUnitReportReporter -->
<testsuite hostname="iAF-NaniChakali" failures="0" tests="1" name="NCPR.CaseDeletion" time="8.160" errors="0" timestamp="2025-05-05T15:02:54 IST" skipped="0">
  <testcase classname="NCPR.CaseDeletion" name="CaseDelete" time="8.160"/>
</testsuite> <!-- NCPR.CaseDeletion -->
