<?xml version="1.0" encoding="UTF-8"?>
<!-- Generated by org.testng.reporters.JUnitReportReporter -->
<testsuite hostname="iAF-NaniChakali" failures="0" tests="1" name="NCPR.ComponentVerificationTest" time="3.815" errors="0" timestamp="2025-05-07T15:31:39 IST" skipped="0">
  <testcase classname="NCPR.ComponentVerificationTest" name="verify_components_load_status" time="3.815"/>
</testsuite> <!-- NCPR.ComponentVerificationTest -->
