<?xml version="1.0" encoding="UTF-8"?>
<!-- Generated by org.testng.reporters.JUnitReportReporter -->
<testsuite hostname="iAF-NaniChakali" failures="0" tests="2" name="ncpr.CaseDetailViewValidations" time="6.429" errors="0" timestamp="2025-05-07T16:59:06 IST" skipped="0">
  <testcase classname="ncpr.CaseDetailViewValidations" name="DetailViewComponents" time="2.486"/>
  <testcase classname="ncpr.CaseDetailViewValidations" name="test_verify_pdf_data_matches_ui" time="3.943"/>
</testsuite> <!-- ncpr.CaseDetailViewValidations -->
