<?xml version="1.0" encoding="UTF-8"?>
<!-- Generated by org.testng.reporters.JUnitReportReporter -->
<testsuite hostname="iAF-NaniChakali" failures="0" tests="1" name="ncpr.LinkView" time="3.127" errors="0" timestamp="2025-05-07T18:25:40 IST" skipped="0">
  <testcase classname="ncpr.LinkView" name="ExcelDownLoadCheck" time="3.127"/>
</testsuite> <!-- ncpr.LinkView -->
