<?xml version="1.0" encoding="UTF-8"?>
<!-- Generated by org.testng.reporters.JUnitReportReporter -->
<testsuite hostname="iAF-NaniChakali" failures="0" tests="1" name="tests.Cases_Count" time="0.825" errors="0" timestamp="2025-04-29T17:24:59 IST" skipped="0">
  <testcase classname="tests.Cases_Count" name="Verify_Open_Cases_Count" time="0.825"/>
</testsuite> <!-- tests.Cases_Count -->
