<?xml version="1.0" encoding="UTF-8"?>
<!-- Generated by org.testng.reporters.JUnitReportReporter -->
<testsuite hostname="iAF-NaniChakali" failures="0" tests="1" name="tests.cases_tests.Cases_Count" time="0.621" errors="0" timestamp="2025-04-30T12:07:39 IST" skipped="0">
  <testcase classname="tests.cases_tests.Cases_Count" name="Verify_Open_Cases_Count" time="0.621"/>
</testsuite> <!-- tests.cases_tests.Cases_Count -->
