<?xml version="1.0" encoding="UTF-8"?>
<!-- Generated by org.testng.reporters.JUnitReportReporter -->
<testsuite hostname="iAF-NaniChakali" failures="0" tests="2" name="NCPR.CaseOperations" time="44.634" errors="0" timestamp="2025-05-07T15:31:39 IST" skipped="0">
  <testcase classname="NCPR.CaseOperations" name="createCaseAndUploadFile" time="39.805"/>
  <testcase classname="NCPR.CaseOperations" name="deleteCreatedCase" time="4.829"/>
</testsuite> <!-- NCPR.CaseOperations -->
