<?xml version="1.0" encoding="UTF-8"?>
<!-- Generated by org.testng.reporters.JUnitReportReporter -->
<testsuite hostname="iAF-NaniChakali" failures="0" tests="1" name="NCPR.CaseCreation" time="9.998" errors="0" timestamp="2025-05-07T12:06:24 IST" skipped="0">
  <testcase classname="NCPR.CaseCreation" name="NewCaseCreation" time="9.998"/>
</testsuite> <!-- NCPR.CaseCreation -->
