<?xml version="1.0" encoding="UTF-8"?>
<!-- Generated by org.testng.reporters.JUnitReportReporter -->
<testsuite hostname="iAF-NaniChakali" failures="0" tests="2" name="ncpr.CaseOperations" time="65.419" errors="2" timestamp="2025-05-07T16:59:06 IST" skipped="0">
  <testcase classname="ncpr.CaseOperations" name="createCaseAndUploadFile" time="33.177">
    <error message="Error {
  message=&#039;Timeout 30000ms exceeded.
  name=&#039;TimeoutError
  stack=&#039;TimeoutError: Timeout 30000ms exceeded.
    at ProgressController.run (C:\Users\iAcuity\AppData\Local\Temp\playwright-java-10649015029238936701\package\lib\server\progress.js:75:26)
    at Frame.click (C:\Users\iAcuity\AppData\Local\Temp\playwright-java-10649015029238936701\package\lib\server\frames.js:1022:23)
    at FrameDispatcher.click (C:\Users\iAcuity\AppData\Local\Temp\playwright-java-10649015029238936701\package\lib\server\dispatchers\frameDispatcher.js:157:30)
    at FrameDispatcher._handleCommand (C:\Users\iAcuity\AppData\Local\Temp\playwright-java-10649015029238936701\package\lib\server\dispatchers\dispatcher.js:96:40)
    at DispatcherConnection.dispatch (C:\Users\iAcuity\AppData\Local\Temp\playwright-java-10649015029238936701\package\lib\server\dispatchers\dispatcher.js:366:39)
}
Call log:
-   - waiting for locator(&quot;xpath=(//button[text()=&#039;Select&#039;])[3]&quot;)
-     - locator resolved to &lt;button title=&quot;Select&quot;&gt;Select&lt;/button&gt;
-   - attempting click action
-     2 × waiting for element to be visible, enabled and stable
-       - element is visible, enabled and stable
-       - scrolling into view if needed
-       - done scrolling
-       - &lt;div data-pc-section=&quot;mask&quot; class=&quot;p-dialog-mask p-dialog-center p-component-overlay p-component-overlay-enter p-dialog-draggable p-dialog-resizable&quot;&gt;…&lt;/div&gt; intercepts pointer events
-     - retrying click action
-     - waiting 20ms
-     2 × waiting for element to be visible, enabled and stable
-       - element is visible, enabled and stable
-       - scrolling into view if needed
-       - done scrolling
-       - &lt;div data-pc-section=&quot;mask&quot; class=&quot;p-dialog-mask p-dialog-center p-component-overlay p-component-overlay-enter p-dialog-draggable p-dialog-resizable&quot;&gt;…&lt;/div&gt; intercepts pointer events
-     - retrying click action
-       - waiting 100ms
-     55 × waiting for element to be visible, enabled and stable
-        - element is visible, enabled and stable
-        - scrolling into view if needed
-        - done scrolling
-        - &lt;div data-pc-section=&quot;mask&quot; class=&quot;p-dialog-mask p-dialog-center p-component-overlay p-component-overlay-enter p-dialog-draggable p-dialog-resizable&quot;&gt;…&lt;/div&gt; intercepts pointer events
-      - retrying click action
-        - waiting 500ms
" type="com.microsoft.playwright.TimeoutError">
      <![CDATA[com.microsoft.playwright.TimeoutError: Error {
  message='Timeout 30000ms exceeded.
  name='TimeoutError
  stack='TimeoutError: Timeout 30000ms exceeded.
    at ProgressController.run (C:\Users\iAcuity\AppData\Local\Temp\playwright-java-10649015029238936701\package\lib\server\progress.js:75:26)
    at Frame.click (C:\Users\iAcuity\AppData\Local\Temp\playwright-java-10649015029238936701\package\lib\server\frames.js:1022:23)
    at FrameDispatcher.click (C:\Users\iAcuity\AppData\Local\Temp\playwright-java-10649015029238936701\package\lib\server\dispatchers\frameDispatcher.js:157:30)
    at FrameDispatcher._handleCommand (C:\Users\iAcuity\AppData\Local\Temp\playwright-java-10649015029238936701\package\lib\server\dispatchers\dispatcher.js:96:40)
    at DispatcherConnection.dispatch (C:\Users\iAcuity\AppData\Local\Temp\playwright-java-10649015029238936701\package\lib\server\dispatchers\dispatcher.js:366:39)
}
Call log:
-   - waiting for locator("xpath=(//button[text()='Select'])[3]")
-     - locator resolved to <button title="Select">Select</button>
-   - attempting click action
-     2 × waiting for element to be visible, enabled and stable
-       - element is visible, enabled and stable
-       - scrolling into view if needed
-       - done scrolling
-       - <div data-pc-section="mask" class="p-dialog-mask p-dialog-center p-component-overlay p-component-overlay-enter p-dialog-draggable p-dialog-resizable">…</div> intercepts pointer events
-     - retrying click action
-     - waiting 20ms
-     2 × waiting for element to be visible, enabled and stable
-       - element is visible, enabled and stable
-       - scrolling into view if needed
-       - done scrolling
-       - <div data-pc-section="mask" class="p-dialog-mask p-dialog-center p-component-overlay p-component-overlay-enter p-dialog-draggable p-dialog-resizable">…</div> intercepts pointer events
-     - retrying click action
-       - waiting 100ms
-     55 × waiting for element to be visible, enabled and stable
-        - element is visible, enabled and stable
-        - scrolling into view if needed
-        - done scrolling
-        - <div data-pc-section="mask" class="p-dialog-mask p-dialog-center p-component-overlay p-component-overlay-enter p-dialog-draggable p-dialog-resizable">…</div> intercepts pointer events
-      - retrying click action
-        - waiting 500ms

at com.microsoft.playwright.impl.WaitableResult.get(WaitableResult.java:52)
at com.microsoft.playwright.impl.ChannelOwner.runUntil(ChannelOwner.java:132)
at com.microsoft.playwright.impl.Connection.sendMessage(Connection.java:130)
at com.microsoft.playwright.impl.ChannelOwner.sendMessage(ChannelOwner.java:118)
at com.microsoft.playwright.impl.FrameImpl.clickImpl(FrameImpl.java:252)
at com.microsoft.playwright.impl.FrameImpl.lambda$click$8(FrameImpl.java:243)
at com.microsoft.playwright.impl.LoggingSupport.lambda$withLogging$0(LoggingSupport.java:36)
at com.microsoft.playwright.impl.LoggingSupport.withLogging(LoggingSupport.java:47)
at com.microsoft.playwright.impl.ChannelOwner.withLogging(ChannelOwner.java:97)
at com.microsoft.playwright.impl.LoggingSupport.withLogging(LoggingSupport.java:35)
at com.microsoft.playwright.impl.FrameImpl.click(FrameImpl.java:243)
at com.microsoft.playwright.impl.LocatorImpl.click(LocatorImpl.java:174)
at com.microsoft.playwright.Locator.click(Locator.java:2508)
at ncpr.CaseOperations.uploadFileToCase(CaseOperations.java:45)
at ncpr.CaseOperations.createCaseAndUploadFile(CaseOperations.java:90)
at java.base/jdk.internal.reflect.DirectMethodHandleAccessor.invoke(DirectMethodHandleAccessor.java:103)
at java.base/java.lang.reflect.Method.invoke(Method.java:580)
at org.testng.internal.invokers.MethodInvocationHelper.invokeMethod(MethodInvocationHelper.java:141)
at org.testng.internal.invokers.TestInvoker.invokeMethod(TestInvoker.java:687)
at org.testng.internal.invokers.TestInvoker.invokeTestMethod(TestInvoker.java:230)
at org.testng.internal.invokers.MethodRunner.runInSequence(MethodRunner.java:63)
at org.testng.internal.invokers.TestInvoker$MethodInvocationAgent.invoke(TestInvoker.java:995)
at org.testng.internal.invokers.TestInvoker.invokeTestMethods(TestInvoker.java:203)
at org.testng.internal.invokers.TestMethodWorker.invokeTestMethods(TestMethodWorker.java:154)
at org.testng.internal.invokers.TestMethodWorker.run(TestMethodWorker.java:134)
at java.base/java.util.ArrayList.forEach(ArrayList.java:1596)
at org.testng.TestRunner.privateRun(TestRunner.java:741)
at org.testng.TestRunner.run(TestRunner.java:616)
at org.testng.SuiteRunner.runTest(SuiteRunner.java:421)
at org.testng.SuiteRunner.runSequentially(SuiteRunner.java:413)
at org.testng.SuiteRunner.privateRun(SuiteRunner.java:373)
at org.testng.SuiteRunner.run(SuiteRunner.java:312)
at org.testng.SuiteRunnerWorker.runSuite(SuiteRunnerWorker.java:52)
at org.testng.SuiteRunnerWorker.run(SuiteRunnerWorker.java:95)
at org.testng.TestNG.runSuitesSequentially(TestNG.java:1274)
at org.testng.TestNG.runSuitesLocally(TestNG.java:1208)
at org.testng.TestNG.runSuites(TestNG.java:1112)
at org.testng.TestNG.run(TestNG.java:1079)
at org.testng.remote.AbstractRemoteTestNG.run(AbstractRemoteTestNG.java:115)
at org.testng.remote.RemoteTestNG.initAndRun(RemoteTestNG.java:293)
at org.testng.remote.RemoteTestNG.main(RemoteTestNG.java:91)
Caused by: com.microsoft.playwright.TimeoutError: Error {
  message='Timeout 30000ms exceeded.
  name='TimeoutError
  stack='TimeoutError: Timeout 30000ms exceeded.
    at ProgressController.run (C:\Users\iAcuity\AppData\Local\Temp\playwright-java-10649015029238936701\package\lib\server\progress.js:75:26)
    at Frame.click (C:\Users\iAcuity\AppData\Local\Temp\playwright-java-10649015029238936701\package\lib\server\frames.js:1022:23)
    at FrameDispatcher.click (C:\Users\iAcuity\AppData\Local\Temp\playwright-java-10649015029238936701\package\lib\server\dispatchers\frameDispatcher.js:157:30)
    at FrameDispatcher._handleCommand (C:\Users\iAcuity\AppData\Local\Temp\playwright-java-10649015029238936701\package\lib\server\dispatchers\dispatcher.js:96:40)
    at DispatcherConnection.dispatch (C:\Users\iAcuity\AppData\Local\Temp\playwright-java-10649015029238936701\package\lib\server\dispatchers\dispatcher.js:366:39)
}
Call log:
-   - waiting for locator("xpath=(//button[text()='Select'])[3]")
-     - locator resolved to <button title="Select">Select</button>
-   - attempting click action
-     2 × waiting for element to be visible, enabled and stable
-       - element is visible, enabled and stable
-       - scrolling into view if needed
-       - done scrolling
-       - <div data-pc-section="mask" class="p-dialog-mask p-dialog-center p-component-overlay p-component-overlay-enter p-dialog-draggable p-dialog-resizable">…</div> intercepts pointer events
-     - retrying click action
-     - waiting 20ms
-     2 × waiting for element to be visible, enabled and stable
-       - element is visible, enabled and stable
-       - scrolling into view if needed
-       - done scrolling
-       - <div data-pc-section="mask" class="p-dialog-mask p-dialog-center p-component-overlay p-component-overlay-enter p-dialog-draggable p-dialog-resizable">…</div> intercepts pointer events
-     - retrying click action
-       - waiting 100ms
-     55 × waiting for element to be visible, enabled and stable
-        - element is visible, enabled and stable
-        - scrolling into view if needed
-        - done scrolling
-        - <div data-pc-section="mask" class="p-dialog-mask p-dialog-center p-component-overlay p-component-overlay-enter p-dialog-draggable p-dialog-resizable">…</div> intercepts pointer events
-      - retrying click action
-        - waiting 500ms

at com.microsoft.playwright.impl.Connection.dispatch(Connection.java:254)
at com.microsoft.playwright.impl.Connection.processOneMessage(Connection.java:211)
at com.microsoft.playwright.impl.ChannelOwner.runUntil(ChannelOwner.java:130)
... 39 more
]]>
    </error>
  </testcase> <!-- createCaseAndUploadFile -->
  <testcase classname="ncpr.CaseOperations" name="deleteCreatedCase" time="32.242">
    <error message="Error {
  message=&#039;Timeout 30000ms exceeded.
  name=&#039;TimeoutError
  stack=&#039;TimeoutError: Timeout 30000ms exceeded.
    at ProgressController.run (C:\Users\iAcuity\AppData\Local\Temp\playwright-java-10649015029238936701\package\lib\server\progress.js:75:26)
    at Frame.click (C:\Users\iAcuity\AppData\Local\Temp\playwright-java-10649015029238936701\package\lib\server\frames.js:1022:23)
    at FrameDispatcher.click (C:\Users\iAcuity\AppData\Local\Temp\playwright-java-10649015029238936701\package\lib\server\dispatchers\frameDispatcher.js:157:30)
    at FrameDispatcher._handleCommand (C:\Users\iAcuity\AppData\Local\Temp\playwright-java-10649015029238936701\package\lib\server\dispatchers\dispatcher.js:96:40)
    at DispatcherConnection.dispatch (C:\Users\iAcuity\AppData\Local\Temp\playwright-java-10649015029238936701\package\lib\server\dispatchers\dispatcher.js:366:39)
}
Call log:
-   - waiting for locator(&quot;xpath=(//button[@title=&#039;Delete&#039;])[3]&quot;)
-     - locator resolved to &lt;button title=&quot;Delete&quot;&gt;…&lt;/button&gt;
-   - attempting click action
-     2 × waiting for element to be visible, enabled and stable
-       - element is not stable
-     - retrying click action
-     - waiting 20ms
-     2 × waiting for element to be visible, enabled and stable
-       - element is not stable
-     - retrying click action
-       - waiting 100ms
-     - waiting for element to be visible, enabled and stable
-     - element is not stable
-   13 × retrying click action
-        - waiting 500ms
-        - waiting for element to be visible, enabled and stable
-        - element is visible, enabled and stable
-        - scrolling into view if needed
-        - done scrolling
-        - &lt;div data-pc-section=&quot;mask&quot; class=&quot;p-dialog-mask p-dialog-center p-component-overlay p-component-overlay-enter p-dialog-draggable p-dialog-resizable&quot;&gt;…&lt;/div&gt; intercepts pointer events
-      - retrying click action
-        - waiting 500ms
-        - waiting for element to be visible, enabled and stable
-        - element is visible, enabled and stable
-        - scrolling into view if needed
-        - done scrolling
-        - &lt;div class=&quot;form-container&quot;&gt;…&lt;/div&gt; from &lt;div data-pc-section=&quot;mask&quot; class=&quot;p-dialog-mask p-dialog-center p-component-overlay p-component-overlay-enter p-dialog-draggable p-dialog-resizable&quot;&gt;…&lt;/div&gt; subtree intercepts pointer events
-      - retrying click action
-        - waiting 500ms
-        - waiting for element to be visible, enabled and stable
-        - element is visible, enabled and stable
-        - scrolling into view if needed
-        - done scrolling
-        - &lt;div class=&quot;form-container&quot;&gt;…&lt;/div&gt; from &lt;div data-pc-section=&quot;mask&quot; class=&quot;p-dialog-mask p-dialog-center p-component-overlay p-component-overlay-enter p-dialog-draggable p-dialog-resizable&quot;&gt;…&lt;/div&gt; subtree intercepts pointer events
-      - retrying click action
-        - waiting 500ms
-        - waiting for element to be visible, enabled and stable
-        - element is visible, enabled and stable
-        - scrolling into view if needed
-        - done scrolling
-        - &lt;div class=&quot;form-container&quot;&gt;…&lt;/div&gt; from &lt;div data-pc-section=&quot;mask&quot; class=&quot;p-dialog-mask p-dialog-center p-component-overlay p-component-overlay-enter p-dialog-draggable p-dialog-resizable&quot;&gt;…&lt;/div&gt; subtree intercepts pointer events
-   - retrying click action
-     - waiting 500ms
-     - waiting for element to be visible, enabled and stable
-     - element is visible, enabled and stable
-     - scrolling into view if needed
-     - done scrolling
-     - &lt;div data-pc-section=&quot;mask&quot; class=&quot;p-dialog-mask p-dialog-center p-component-overlay p-component-overlay-enter p-dialog-draggable p-dialog-resizable&quot;&gt;…&lt;/div&gt; intercepts pointer events
-   - retrying click action
-     - waiting 500ms
-     - waiting for element to be visible, enabled and stable
-     - element is visible, enabled and stable
-     - scrolling into view if needed
-     - done scrolling
-     - &lt;div class=&quot;form-container&quot;&gt;…&lt;/div&gt; from &lt;div data-pc-section=&quot;mask&quot; class=&quot;p-dialog-mask p-dialog-center p-component-overlay p-component-overlay-enter p-dialog-draggable p-dialog-resizable&quot;&gt;…&lt;/div&gt; subtree intercepts pointer events
-   - retrying click action
-     - waiting 500ms
" type="com.microsoft.playwright.TimeoutError">
      <![CDATA[com.microsoft.playwright.TimeoutError: Error {
  message='Timeout 30000ms exceeded.
  name='TimeoutError
  stack='TimeoutError: Timeout 30000ms exceeded.
    at ProgressController.run (C:\Users\iAcuity\AppData\Local\Temp\playwright-java-10649015029238936701\package\lib\server\progress.js:75:26)
    at Frame.click (C:\Users\iAcuity\AppData\Local\Temp\playwright-java-10649015029238936701\package\lib\server\frames.js:1022:23)
    at FrameDispatcher.click (C:\Users\iAcuity\AppData\Local\Temp\playwright-java-10649015029238936701\package\lib\server\dispatchers\frameDispatcher.js:157:30)
    at FrameDispatcher._handleCommand (C:\Users\iAcuity\AppData\Local\Temp\playwright-java-10649015029238936701\package\lib\server\dispatchers\dispatcher.js:96:40)
    at DispatcherConnection.dispatch (C:\Users\iAcuity\AppData\Local\Temp\playwright-java-10649015029238936701\package\lib\server\dispatchers\dispatcher.js:366:39)
}
Call log:
-   - waiting for locator("xpath=(//button[@title='Delete'])[3]")
-     - locator resolved to <button title="Delete">…</button>
-   - attempting click action
-     2 × waiting for element to be visible, enabled and stable
-       - element is not stable
-     - retrying click action
-     - waiting 20ms
-     2 × waiting for element to be visible, enabled and stable
-       - element is not stable
-     - retrying click action
-       - waiting 100ms
-     - waiting for element to be visible, enabled and stable
-     - element is not stable
-   13 × retrying click action
-        - waiting 500ms
-        - waiting for element to be visible, enabled and stable
-        - element is visible, enabled and stable
-        - scrolling into view if needed
-        - done scrolling
-        - <div data-pc-section="mask" class="p-dialog-mask p-dialog-center p-component-overlay p-component-overlay-enter p-dialog-draggable p-dialog-resizable">…</div> intercepts pointer events
-      - retrying click action
-        - waiting 500ms
-        - waiting for element to be visible, enabled and stable
-        - element is visible, enabled and stable
-        - scrolling into view if needed
-        - done scrolling
-        - <div class="form-container">…</div> from <div data-pc-section="mask" class="p-dialog-mask p-dialog-center p-component-overlay p-component-overlay-enter p-dialog-draggable p-dialog-resizable">…</div> subtree intercepts pointer events
-      - retrying click action
-        - waiting 500ms
-        - waiting for element to be visible, enabled and stable
-        - element is visible, enabled and stable
-        - scrolling into view if needed
-        - done scrolling
-        - <div class="form-container">…</div> from <div data-pc-section="mask" class="p-dialog-mask p-dialog-center p-component-overlay p-component-overlay-enter p-dialog-draggable p-dialog-resizable">…</div> subtree intercepts pointer events
-      - retrying click action
-        - waiting 500ms
-        - waiting for element to be visible, enabled and stable
-        - element is visible, enabled and stable
-        - scrolling into view if needed
-        - done scrolling
-        - <div class="form-container">…</div> from <div data-pc-section="mask" class="p-dialog-mask p-dialog-center p-component-overlay p-component-overlay-enter p-dialog-draggable p-dialog-resizable">…</div> subtree intercepts pointer events
-   - retrying click action
-     - waiting 500ms
-     - waiting for element to be visible, enabled and stable
-     - element is visible, enabled and stable
-     - scrolling into view if needed
-     - done scrolling
-     - <div data-pc-section="mask" class="p-dialog-mask p-dialog-center p-component-overlay p-component-overlay-enter p-dialog-draggable p-dialog-resizable">…</div> intercepts pointer events
-   - retrying click action
-     - waiting 500ms
-     - waiting for element to be visible, enabled and stable
-     - element is visible, enabled and stable
-     - scrolling into view if needed
-     - done scrolling
-     - <div class="form-container">…</div> from <div data-pc-section="mask" class="p-dialog-mask p-dialog-center p-component-overlay p-component-overlay-enter p-dialog-draggable p-dialog-resizable">…</div> subtree intercepts pointer events
-   - retrying click action
-     - waiting 500ms

at com.microsoft.playwright.impl.WaitableResult.get(WaitableResult.java:52)
at com.microsoft.playwright.impl.ChannelOwner.runUntil(ChannelOwner.java:132)
at com.microsoft.playwright.impl.Connection.sendMessage(Connection.java:130)
at com.microsoft.playwright.impl.ChannelOwner.sendMessage(ChannelOwner.java:118)
at com.microsoft.playwright.impl.FrameImpl.clickImpl(FrameImpl.java:252)
at com.microsoft.playwright.impl.FrameImpl.lambda$click$8(FrameImpl.java:243)
at com.microsoft.playwright.impl.LoggingSupport.lambda$withLogging$0(LoggingSupport.java:36)
at com.microsoft.playwright.impl.LoggingSupport.withLogging(LoggingSupport.java:47)
at com.microsoft.playwright.impl.ChannelOwner.withLogging(ChannelOwner.java:97)
at com.microsoft.playwright.impl.LoggingSupport.withLogging(LoggingSupport.java:35)
at com.microsoft.playwright.impl.FrameImpl.click(FrameImpl.java:243)
at com.microsoft.playwright.impl.LocatorImpl.click(LocatorImpl.java:174)
at com.microsoft.playwright.Locator.click(Locator.java:2508)
at ncpr.CaseOperations.deleteCase(CaseOperations.java:81)
at ncpr.CaseOperations.deleteCreatedCase(CaseOperations.java:95)
at java.base/jdk.internal.reflect.DirectMethodHandleAccessor.invoke(DirectMethodHandleAccessor.java:103)
at java.base/java.lang.reflect.Method.invoke(Method.java:580)
at org.testng.internal.invokers.MethodInvocationHelper.invokeMethod(MethodInvocationHelper.java:141)
at org.testng.internal.invokers.TestInvoker.invokeMethod(TestInvoker.java:687)
at org.testng.internal.invokers.TestInvoker.invokeTestMethod(TestInvoker.java:230)
at org.testng.internal.invokers.MethodRunner.runInSequence(MethodRunner.java:63)
at org.testng.internal.invokers.TestInvoker$MethodInvocationAgent.invoke(TestInvoker.java:995)
at org.testng.internal.invokers.TestInvoker.invokeTestMethods(TestInvoker.java:203)
at org.testng.internal.invokers.TestMethodWorker.invokeTestMethods(TestMethodWorker.java:154)
at org.testng.internal.invokers.TestMethodWorker.run(TestMethodWorker.java:134)
at java.base/java.util.ArrayList.forEach(ArrayList.java:1596)
at org.testng.TestRunner.privateRun(TestRunner.java:741)
at org.testng.TestRunner.run(TestRunner.java:616)
at org.testng.SuiteRunner.runTest(SuiteRunner.java:421)
at org.testng.SuiteRunner.runSequentially(SuiteRunner.java:413)
at org.testng.SuiteRunner.privateRun(SuiteRunner.java:373)
at org.testng.SuiteRunner.run(SuiteRunner.java:312)
at org.testng.SuiteRunnerWorker.runSuite(SuiteRunnerWorker.java:52)
at org.testng.SuiteRunnerWorker.run(SuiteRunnerWorker.java:95)
at org.testng.TestNG.runSuitesSequentially(TestNG.java:1274)
at org.testng.TestNG.runSuitesLocally(TestNG.java:1208)
at org.testng.TestNG.runSuites(TestNG.java:1112)
at org.testng.TestNG.run(TestNG.java:1079)
at org.testng.remote.AbstractRemoteTestNG.run(AbstractRemoteTestNG.java:115)
at org.testng.remote.RemoteTestNG.initAndRun(RemoteTestNG.java:293)
at org.testng.remote.RemoteTestNG.main(RemoteTestNG.java:91)
Caused by: com.microsoft.playwright.TimeoutError: Error {
  message='Timeout 30000ms exceeded.
  name='TimeoutError
  stack='TimeoutError: Timeout 30000ms exceeded.
    at ProgressController.run (C:\Users\iAcuity\AppData\Local\Temp\playwright-java-10649015029238936701\package\lib\server\progress.js:75:26)
    at Frame.click (C:\Users\iAcuity\AppData\Local\Temp\playwright-java-10649015029238936701\package\lib\server\frames.js:1022:23)
    at FrameDispatcher.click (C:\Users\iAcuity\AppData\Local\Temp\playwright-java-10649015029238936701\package\lib\server\dispatchers\frameDispatcher.js:157:30)
    at FrameDispatcher._handleCommand (C:\Users\iAcuity\AppData\Local\Temp\playwright-java-10649015029238936701\package\lib\server\dispatchers\dispatcher.js:96:40)
    at DispatcherConnection.dispatch (C:\Users\iAcuity\AppData\Local\Temp\playwright-java-10649015029238936701\package\lib\server\dispatchers\dispatcher.js:366:39)
}
Call log:
-   - waiting for locator("xpath=(//button[@title='Delete'])[3]")
-     - locator resolved to <button title="Delete">…</button>
-   - attempting click action
-     2 × waiting for element to be visible, enabled and stable
-       - element is not stable
-     - retrying click action
-     - waiting 20ms
-     2 × waiting for element to be visible, enabled and stable
-       - element is not stable
-     - retrying click action
-       - waiting 100ms
-     - waiting for element to be visible, enabled and stable
-     - element is not stable
-   13 × retrying click action
-        - waiting 500ms
-        - waiting for element to be visible, enabled and stable
-        - element is visible, enabled and stable
-        - scrolling into view if needed
-        - done scrolling
-        - <div data-pc-section="mask" class="p-dialog-mask p-dialog-center p-component-overlay p-component-overlay-enter p-dialog-draggable p-dialog-resizable">…</div> intercepts pointer events
-      - retrying click action
-        - waiting 500ms
-        - waiting for element to be visible, enabled and stable
-        - element is visible, enabled and stable
-        - scrolling into view if needed
-        - done scrolling
-        - <div class="form-container">…</div> from <div data-pc-section="mask" class="p-dialog-mask p-dialog-center p-component-overlay p-component-overlay-enter p-dialog-draggable p-dialog-resizable">…</div> subtree intercepts pointer events
-      - retrying click action
-        - waiting 500ms
-        - waiting for element to be visible, enabled and stable
-        - element is visible, enabled and stable
-        - scrolling into view if needed
-        - done scrolling
-        - <div class="form-container">…</div> from <div data-pc-section="mask" class="p-dialog-mask p-dialog-center p-component-overlay p-component-overlay-enter p-dialog-draggable p-dialog-resizable">…</div> subtree intercepts pointer events
-      - retrying click action
-        - waiting 500ms
-        - waiting for element to be visible, enabled and stable
-        - element is visible, enabled and stable
-        - scrolling into view if needed
-        - done scrolling
-        - <div class="form-container">…</div> from <div data-pc-section="mask" class="p-dialog-mask p-dialog-center p-component-overlay p-component-overlay-enter p-dialog-draggable p-dialog-resizable">…</div> subtree intercepts pointer events
-   - retrying click action
-     - waiting 500ms
-     - waiting for element to be visible, enabled and stable
-     - element is visible, enabled and stable
-     - scrolling into view if needed
-     - done scrolling
-     - <div data-pc-section="mask" class="p-dialog-mask p-dialog-center p-component-overlay p-component-overlay-enter p-dialog-draggable p-dialog-resizable">…</div> intercepts pointer events
-   - retrying click action
-     - waiting 500ms
-     - waiting for element to be visible, enabled and stable
-     - element is visible, enabled and stable
-     - scrolling into view if needed
-     - done scrolling
-     - <div class="form-container">…</div> from <div data-pc-section="mask" class="p-dialog-mask p-dialog-center p-component-overlay p-component-overlay-enter p-dialog-draggable p-dialog-resizable">…</div> subtree intercepts pointer events
-   - retrying click action
-     - waiting 500ms

at com.microsoft.playwright.impl.Connection.dispatch(Connection.java:254)
at com.microsoft.playwright.impl.Connection.processOneMessage(Connection.java:211)
at com.microsoft.playwright.impl.ChannelOwner.runUntil(ChannelOwner.java:130)
... 39 more
]]>
    </error>
  </testcase> <!-- deleteCreatedCase -->
</testsuite> <!-- ncpr.CaseOperations -->
