<?xml version="1.0" encoding="UTF-8"?>
<!-- Generated by org.testng.reporters.JUnitReportReporter -->
<testsuite hostname="iAF-NaniChakali" failures="0" tests="2" name="NCPR.NCPR_HomePage_Validation" time="7.956" errors="0" timestamp="2025-05-07T15:31:39 IST" skipped="0">
  <testcase classname="NCPR.NCPR_HomePage_Validation" name="ncrpLoginLogout" time="1.932"/>
  <testcase classname="NCPR.NCPR_HomePage_Validation" name="loginFromFundTrail" time="6.024"/>
</testsuite> <!-- NCPR.NCPR_HomePage_Validation -->
