<?xml version="1.0" encoding="UTF-8"?>
<!-- Generated by org.testng.reporters.JUnitReportReporter -->
<testsuite hostname="iAF-NaniChakali" failures="0" tests="2" name="ncpr.HomePageValidations" time="9.655" errors="0" timestamp="2025-05-07T16:59:06 IST" skipped="0">
  <testcase classname="ncpr.HomePageValidations" name="loginFromFundTrail" time="8.566"/>
  <testcase classname="ncpr.HomePageValidations" name="ncrpLoginLogout" time="1.089"/>
</testsuite> <!-- ncpr.HomePageValidations -->
