<?xml version="1.0" encoding="UTF-8"?>
<!-- Generated by org.testng.reporters.JUnitReportReporter -->
<testsuite hostname="iAF-NaniChakali" failures="0" tests="2" name="NCPR.CaseDetailViewValidations" time="7.092" errors="0" timestamp="2025-05-07T15:31:39 IST" skipped="0">
  <testcase classname="NCPR.CaseDetailViewValidations" name="DetailViewComponents" time="3.090"/>
  <testcase classname="NCPR.CaseDetailViewValidations" name="test_verify_pdf_data_matches_ui" time="4.002"/>
</testsuite> <!-- NCPR.CaseDetailViewValidations -->
