<?xml version="1.0" encoding="UTF-8"?>
<!-- Generated by org.testng.reporters.JUnitReportReporter -->
<testsuite hostname="iAF-NaniChakali" failures="0" tests="1" name="loginpage.TestExample" time="15.254" errors="0" timestamp="2025-04-22T15:05:47 IST" skipped="0">
  <testcase classname="loginpage.TestExample" name="testmethod" time="15.254"/>
</testsuite> <!-- loginpage.TestExample -->
