<?xml version="1.0" encoding="UTF-8"?>
<!-- Generated by org.testng.reporters.JUnitReportReporter -->
<testsuite hostname="iAF-NaniChakali" failures="0" tests="1" name="tests.CreateCaseTest" time="6.009" errors="0" timestamp="2025-04-25T16:07:19 IST" skipped="0">
  <testcase classname="tests.CreateCaseTest" name="testCaseCreationFlow" time="6.009"/>
</testsuite> <!-- tests.CreateCaseTest -->
