<?xml version="1.0" encoding="UTF-8"?>
<!-- Generated by org.testng.reporters.JUnitReportReporter -->
<testsuite hostname="iAF-NaniChakali" failures="0" tests="1" name="tests.CasesCount1" time="32.461" errors="1" timestamp="2025-04-29T17:16:48 IST" skipped="0">
  <testcase classname="tests.CasesCount1" name="Verify_Cases_Count" time="32.461">
    <error message="Error {
  message=&#039;Timeout 30000ms exceeded.
  name=&#039;TimeoutError
  stack=&#039;TimeoutError: Timeout 30000ms exceeded.
    at ProgressController.run (C:\Users\iAcuity\AppData\Local\Temp\playwright-java-11854193986110126585\package\lib\server\progress.js:75:26)
    at Frame._callOnElementOnceMatches (C:\Users\iAcuity\AppData\Local\Temp\playwright-java-11854193986110126585\package\lib\server\frames.js:1483:23)
    at Frame.textContent (C:\Users\iAcuity\AppData\Local\Temp\playwright-java-11854193986110126585\package\lib\server\frames.js:1089:17)
    at FrameDispatcher.textContent (C:\Users\iAcuity\AppData\Local\Temp\playwright-java-11854193986110126585\package\lib\server\dispatchers\frameDispatcher.js:178:37)
    at FrameDispatcher._handleCommand (C:\Users\iAcuity\AppData\Local\Temp\playwright-java-11854193986110126585\package\lib\server\dispatchers\dispatcher.js:96:40)
    at DispatcherConnection.dispatch (C:\Users\iAcuity\AppData\Local\Temp\playwright-java-11854193986110126585\package\lib\server\dispatchers\dispatcher.js:366:39)
}
Call log:
-   - waiting for locator(&quot;//table[@id=&#039;caseManagementMainPage:caseManagementTable&#039;]/tbody[1]/tr&quot;).first().locator(&quot;//table[@id=&#039;caseManagementMainPage:caseManagementTable&#039;]/tbody[1]/tr[1]/td[2]/span[not(contains(text(), &#039;By&#039;))]&quot;)
" type="com.microsoft.playwright.TimeoutError">
      <![CDATA[com.microsoft.playwright.TimeoutError: Error {
  message='Timeout 30000ms exceeded.
  name='TimeoutError
  stack='TimeoutError: Timeout 30000ms exceeded.
    at ProgressController.run (C:\Users\iAcuity\AppData\Local\Temp\playwright-java-11854193986110126585\package\lib\server\progress.js:75:26)
    at Frame._callOnElementOnceMatches (C:\Users\iAcuity\AppData\Local\Temp\playwright-java-11854193986110126585\package\lib\server\frames.js:1483:23)
    at Frame.textContent (C:\Users\iAcuity\AppData\Local\Temp\playwright-java-11854193986110126585\package\lib\server\frames.js:1089:17)
    at FrameDispatcher.textContent (C:\Users\iAcuity\AppData\Local\Temp\playwright-java-11854193986110126585\package\lib\server\dispatchers\frameDispatcher.js:178:37)
    at FrameDispatcher._handleCommand (C:\Users\iAcuity\AppData\Local\Temp\playwright-java-11854193986110126585\package\lib\server\dispatchers\dispatcher.js:96:40)
    at DispatcherConnection.dispatch (C:\Users\iAcuity\AppData\Local\Temp\playwright-java-11854193986110126585\package\lib\server\dispatchers\dispatcher.js:366:39)
}
Call log:
-   - waiting for locator("//table[@id='caseManagementMainPage:caseManagementTable']/tbody[1]/tr").first().locator("//table[@id='caseManagementMainPage:caseManagementTable']/tbody[1]/tr[1]/td[2]/span[not(contains(text(), 'By'))]")

at com.microsoft.playwright.impl.WaitableResult.get(WaitableResult.java:52)
at com.microsoft.playwright.impl.ChannelOwner.runUntil(ChannelOwner.java:132)
at com.microsoft.playwright.impl.Connection.sendMessage(Connection.java:130)
at com.microsoft.playwright.impl.ChannelOwner.sendMessage(ChannelOwner.java:118)
at com.microsoft.playwright.impl.FrameImpl.textContentImpl(FrameImpl.java:818)
at com.microsoft.playwright.impl.FrameImpl.lambda$textContent$38(FrameImpl.java:809)
at com.microsoft.playwright.impl.LoggingSupport.withLogging(LoggingSupport.java:47)
at com.microsoft.playwright.impl.ChannelOwner.withLogging(ChannelOwner.java:97)
at com.microsoft.playwright.impl.FrameImpl.textContent(FrameImpl.java:809)
at com.microsoft.playwright.impl.LocatorImpl.textContent(LocatorImpl.java:606)
at com.microsoft.playwright.Locator.textContent(Locator.java:5281)
at tests.CasesCount1.Verify_Cases_Count(CasesCount1.java:37)
at java.base/jdk.internal.reflect.DirectMethodHandleAccessor.invoke(DirectMethodHandleAccessor.java:103)
at java.base/java.lang.reflect.Method.invoke(Method.java:580)
at org.testng.internal.invokers.MethodInvocationHelper.invokeMethod(MethodInvocationHelper.java:141)
at org.testng.internal.invokers.TestInvoker.invokeMethod(TestInvoker.java:687)
at org.testng.internal.invokers.TestInvoker.invokeTestMethod(TestInvoker.java:230)
at org.testng.internal.invokers.MethodRunner.runInSequence(MethodRunner.java:63)
at org.testng.internal.invokers.TestInvoker$MethodInvocationAgent.invoke(TestInvoker.java:995)
at org.testng.internal.invokers.TestInvoker.invokeTestMethods(TestInvoker.java:203)
at org.testng.internal.invokers.TestMethodWorker.invokeTestMethods(TestMethodWorker.java:154)
at org.testng.internal.invokers.TestMethodWorker.run(TestMethodWorker.java:134)
at java.base/java.util.ArrayList.forEach(ArrayList.java:1596)
at org.testng.TestRunner.privateRun(TestRunner.java:741)
at org.testng.TestRunner.run(TestRunner.java:616)
at org.testng.SuiteRunner.runTest(SuiteRunner.java:421)
at org.testng.SuiteRunner.runSequentially(SuiteRunner.java:413)
at org.testng.SuiteRunner.privateRun(SuiteRunner.java:373)
at org.testng.SuiteRunner.run(SuiteRunner.java:312)
at org.testng.SuiteRunnerWorker.runSuite(SuiteRunnerWorker.java:52)
at org.testng.SuiteRunnerWorker.run(SuiteRunnerWorker.java:95)
at org.testng.TestNG.runSuitesSequentially(TestNG.java:1274)
at org.testng.TestNG.runSuitesLocally(TestNG.java:1208)
at org.testng.TestNG.runSuites(TestNG.java:1112)
at org.testng.TestNG.run(TestNG.java:1079)
at org.testng.remote.AbstractRemoteTestNG.run(AbstractRemoteTestNG.java:115)
at org.testng.remote.RemoteTestNG.initAndRun(RemoteTestNG.java:293)
at org.testng.remote.RemoteTestNG.main(RemoteTestNG.java:91)
Caused by: com.microsoft.playwright.TimeoutError: Error {
  message='Timeout 30000ms exceeded.
  name='TimeoutError
  stack='TimeoutError: Timeout 30000ms exceeded.
    at ProgressController.run (C:\Users\iAcuity\AppData\Local\Temp\playwright-java-11854193986110126585\package\lib\server\progress.js:75:26)
    at Frame._callOnElementOnceMatches (C:\Users\iAcuity\AppData\Local\Temp\playwright-java-11854193986110126585\package\lib\server\frames.js:1483:23)
    at Frame.textContent (C:\Users\iAcuity\AppData\Local\Temp\playwright-java-11854193986110126585\package\lib\server\frames.js:1089:17)
    at FrameDispatcher.textContent (C:\Users\iAcuity\AppData\Local\Temp\playwright-java-11854193986110126585\package\lib\server\dispatchers\frameDispatcher.js:178:37)
    at FrameDispatcher._handleCommand (C:\Users\iAcuity\AppData\Local\Temp\playwright-java-11854193986110126585\package\lib\server\dispatchers\dispatcher.js:96:40)
    at DispatcherConnection.dispatch (C:\Users\iAcuity\AppData\Local\Temp\playwright-java-11854193986110126585\package\lib\server\dispatchers\dispatcher.js:366:39)
}
Call log:
-   - waiting for locator("//table[@id='caseManagementMainPage:caseManagementTable']/tbody[1]/tr").first().locator("//table[@id='caseManagementMainPage:caseManagementTable']/tbody[1]/tr[1]/td[2]/span[not(contains(text(), 'By'))]")

at com.microsoft.playwright.impl.Connection.dispatch(Connection.java:254)
at com.microsoft.playwright.impl.Connection.processOneMessage(Connection.java:211)
at com.microsoft.playwright.impl.ChannelOwner.runUntil(ChannelOwner.java:130)
... 36 more
]]>
    </error>
  </testcase> <!-- Verify_Cases_Count -->
</testsuite> <!-- tests.CasesCount1 -->
