<?xml version="1.0" encoding="UTF-8"?>
<!-- Generated by org.testng.reporters.JUnitReportReporter -->
<testsuite hostname="iAF-NaniChakali" failures="0" tests="1" name="tests.cases_tests.TableExcelComparator" time="47.940" errors="0" timestamp="2025-05-02T13:09:05 IST" skipped="0">
  <testcase classname="tests.cases_tests.TableExcelComparator" name="DownloadFile" time="47.940"/>
</testsuite> <!-- tests.cases_tests.TableExcelComparator -->
