<?xml version="1.0" encoding="UTF-8"?>
<!-- Generated by org.testng.reporters.JUnitReportReporter -->
<testsuite hostname="iAF-NaniChakali" failures="0" tests="1" name="tests.cases_tests.TableExcelComparator1" time="6.321" errors="0" timestamp="2025-05-04T12:17:32 IST" skipped="0">
  <testcase classname="tests.cases_tests.TableExcelComparator1" name="DownloadAndCompareFileWithUITable" time="6.321"/>
</testsuite> <!-- tests.cases_tests.TableExcelComparator1 -->
