<?xml version="1.0" encoding="UTF-8"?>
<!-- Generated by org.testng.reporters.JUnitReportReporter -->
<testsuite hostname="iAF-NaniChakali" failures="0" tests="1" name="ncpr.ComponentVerificationTest" time="4.014" errors="0" timestamp="2025-05-07T16:59:06 IST" skipped="0">
  <testcase classname="ncpr.ComponentVerificationTest" name="verify_components_load_status" time="4.014"/>
</testsuite> <!-- ncpr.ComponentVerificationTest -->
