<?xml version="1.0" encoding="UTF-8"?>
<!-- Generated by org.testng.reporters.JUnitReportReporter -->
<testsuite hostname="iAF-NaniChakali" failures="0" tests="1" name="NCPR.Dashboard" time="3.361" errors="0" timestamp="2025-05-07T10:23:59 IST" skipped="0">
  <testcase classname="NCPR.Dashboard" name="DashBoardComponents" time="3.361"/>
</testsuite> <!-- NCPR.Dashboard -->
