<?xml version="1.0" encoding="UTF-8"?>
<!-- Generated by org.testng.reporters.JUnitReportReporter -->
<testsuite hostname="iAF-NaniChakali" failures="0" tests="1" name="tests.cases_tests.Maximum_Cases_Allowed_Test" time="2.642" errors="0" timestamp="2025-04-30T12:17:28 IST" skipped="0">
  <testcase classname="tests.cases_tests.Maximum_Cases_Allowed_Test" name="Verfiy_Max_Cases_Allowed" time="2.642"/>
</testsuite> <!-- tests.cases_tests.Maximum_Cases_Allowed_Test -->
