<?xml version="1.0" encoding="UTF-8"?>
<!-- Generated by org.testng.reporters.JUnitReportReporter -->
<testsuite hostname="iAF-NaniChakali" failures="0" tests="2" name="ncpr.Dashboard" time="6.436" errors="0" timestamp="2025-05-07T18:05:04 IST" skipped="0">
  <testcase classname="ncpr.Dashboard" name="CaseDetailViewDashBoardComponents" time="4.476"/>
  <testcase classname="ncpr.Dashboard" name="GlobalDashBoardComponents" time="1.960"/>
</testsuite> <!-- ncpr.Dashboard -->
