<?xml version="1.0" encoding="UTF-8"?>
<!-- Generated by org.testng.reporters.JUnitReportReporter -->
<testsuite hostname="iAF-NaniChakali" failures="0" tests="1" name="tests.login_tests.LoginTest" time="2.188" errors="0" timestamp="2025-04-30T18:55:06 IST" skipped="0">
  <testcase classname="tests.login_tests.LoginTest" name="testValidLogin" time="2.188"/>
</testsuite> <!-- tests.login_tests.LoginTest -->
